[26-Jan-2024 06:53:50 UTC] PHP Warning:  Trying to access array offset on value of type null in /Users/saijeet/Documents/Backend Learning/learning/wp-content/themes/fictional-university-theme/functions.php on line 19
[26-Jan-2024 06:53:50 UTC] PHP Warning:  Undefined array key "subtitle" in /Users/saijeet/Documents/Backend Learning/learning/wp-content/themes/fictional-university-theme/functions.php on line 23
[26-Jan-2024 06:53:50 UTC] PHP Warning:  Undefined array key "photo" in /Users/saijeet/Documents/Backend Learning/learning/wp-content/themes/fictional-university-theme/functions.php on line 27
[26-Jan-2024 06:58:56 UTC] PHP Warning:  Trying to access array offset on value of type null in /Users/saijeet/Documents/Backend Learning/learning/wp-content/themes/fictional-university-theme/functions.php on line 19
[26-Jan-2024 06:58:56 UTC] PHP Warning:  Undefined array key "subtitle" in /Users/saijeet/Documents/Backend Learning/learning/wp-content/themes/fictional-university-theme/functions.php on line 23
[26-Jan-2024 06:58:56 UTC] PHP Warning:  Undefined array key "photo" in /Users/saijeet/Documents/Backend Learning/learning/wp-content/themes/fictional-university-theme/functions.php on line 27
[26-Jan-2024 07:01:36 UTC] PHP Warning:  Trying to access array offset on value of type null in /Users/saijeet/Documents/Backend Learning/learning/wp-content/themes/fictional-university-theme/functions.php on line 19
[26-Jan-2024 07:01:36 UTC] PHP Warning:  Undefined array key "subtitle" in /Users/saijeet/Documents/Backend Learning/learning/wp-content/themes/fictional-university-theme/functions.php on line 23
[26-Jan-2024 07:01:36 UTC] PHP Warning:  Undefined array key "photo" in /Users/saijeet/Documents/Backend Learning/learning/wp-content/themes/fictional-university-theme/functions.php on line 27
[26-Jan-2024 07:03:19 UTC] PHP Fatal error:  Uncaught ArgumentCountError: Too few arguments to function add_filter(), 0 passed in /Users/saijeet/Documents/Backend Learning/learning/wp-content/mu-plugins/university-post-types.php on line 87 and at least 2 expected in /Users/saijeet/Documents/Backend Learning/learning/wp-includes/plugin.php:121
Stack trace:
#0 /Users/saijeet/Documents/Backend Learning/learning/wp-content/mu-plugins/university-post-types.php(87): add_filter()
#1 /Users/saijeet/Documents/Backend Learning/learning/wp-settings.php(398): include_once('/Users/saijeet/...')
#2 /Users/saijeet/Documents/Backend Learning/learning/wp-config.php(98): require_once('/Users/saijeet/...')
#3 /Users/saijeet/Documents/Backend Learning/learning/wp-load.php(50): require_once('/Users/saijeet/...')
#4 /Users/saijeet/Documents/Backend Learning/learning/wp-admin/admin-ajax.php(22): require_once('/Users/saijeet/...')
#5 {main}
  thrown in /Users/saijeet/Documents/Backend Learning/learning/wp-includes/plugin.php on line 121
[26-Jan-2024 07:06:31 UTC] PHP Warning:  Trying to access array offset on value of type null in /Users/saijeet/Documents/Backend Learning/learning/wp-content/themes/fictional-university-theme/functions.php on line 19
[26-Jan-2024 07:06:31 UTC] PHP Warning:  Undefined array key "subtitle" in /Users/saijeet/Documents/Backend Learning/learning/wp-content/themes/fictional-university-theme/functions.php on line 23
[26-Jan-2024 07:06:31 UTC] PHP Warning:  Undefined array key "photo" in /Users/saijeet/Documents/Backend Learning/learning/wp-content/themes/fictional-university-theme/functions.php on line 27
[26-Jan-2024 07:07:35 UTC] PHP Deprecated:  Hook login_headertitle is deprecated since version 5.2.0! Use login_headertext instead. Usage of the title attribute on the login logo is not recommended for accessibility reasons. Use the link text instead. in /Users/saijeet/Documents/Backend Learning/learning/wp-includes/functions.php on line 6031
[26-Jan-2024 07:07:46 UTC] PHP Warning:  Trying to access array offset on value of type null in /Users/saijeet/Documents/Backend Learning/learning/wp-content/themes/fictional-university-theme/functions.php on line 19
[26-Jan-2024 07:07:46 UTC] PHP Warning:  Undefined array key "subtitle" in /Users/saijeet/Documents/Backend Learning/learning/wp-content/themes/fictional-university-theme/functions.php on line 23
[26-Jan-2024 07:07:46 UTC] PHP Warning:  Undefined array key "photo" in /Users/saijeet/Documents/Backend Learning/learning/wp-content/themes/fictional-university-theme/functions.php on line 27
[26-Jan-2024 07:07:50 UTC] PHP Warning:  Trying to access array offset on value of type null in /Users/saijeet/Documents/Backend Learning/learning/wp-content/themes/fictional-university-theme/functions.php on line 19
[26-Jan-2024 07:07:50 UTC] PHP Warning:  Undefined array key "subtitle" in /Users/saijeet/Documents/Backend Learning/learning/wp-content/themes/fictional-university-theme/functions.php on line 23
[26-Jan-2024 07:07:50 UTC] PHP Warning:  Undefined array key "photo" in /Users/saijeet/Documents/Backend Learning/learning/wp-content/themes/fictional-university-theme/functions.php on line 27
[26-Jan-2024 07:08:53 UTC] PHP Warning:  Trying to access array offset on value of type null in /Users/saijeet/Documents/Backend Learning/learning/wp-content/themes/fictional-university-theme/functions.php on line 19
[26-Jan-2024 07:08:53 UTC] PHP Warning:  Undefined array key "subtitle" in /Users/saijeet/Documents/Backend Learning/learning/wp-content/themes/fictional-university-theme/functions.php on line 23
[26-Jan-2024 07:08:53 UTC] PHP Warning:  Undefined array key "photo" in /Users/saijeet/Documents/Backend Learning/learning/wp-content/themes/fictional-university-theme/functions.php on line 27
[26-Jan-2024 07:08:57 UTC] PHP Deprecated:  Hook login_headertitle is deprecated since version 5.2.0! Use login_headertext instead. Usage of the title attribute on the login logo is not recommended for accessibility reasons. Use the link text instead. in /Users/saijeet/Documents/Backend Learning/learning/wp-includes/functions.php on line 6031
[26-Jan-2024 07:09:07 UTC] PHP Warning:  Trying to access array offset on value of type null in /Users/saijeet/Documents/Backend Learning/learning/wp-content/themes/fictional-university-theme/functions.php on line 19
[26-Jan-2024 07:09:07 UTC] PHP Warning:  Undefined array key "subtitle" in /Users/saijeet/Documents/Backend Learning/learning/wp-content/themes/fictional-university-theme/functions.php on line 23
[26-Jan-2024 07:09:07 UTC] PHP Warning:  Undefined array key "photo" in /Users/saijeet/Documents/Backend Learning/learning/wp-content/themes/fictional-university-theme/functions.php on line 27
[26-Jan-2024 07:14:52 UTC] PHP Warning:  Trying to access array offset on value of type null in /Users/saijeet/Documents/Backend Learning/learning/wp-content/themes/fictional-university-theme/functions.php on line 15
[26-Jan-2024 07:14:52 UTC] PHP Warning:  Undefined array key "subtitle" in /Users/saijeet/Documents/Backend Learning/learning/wp-content/themes/fictional-university-theme/functions.php on line 19
[26-Jan-2024 07:14:52 UTC] PHP Warning:  Undefined array key "photo" in /Users/saijeet/Documents/Backend Learning/learning/wp-content/themes/fictional-university-theme/functions.php on line 23
[26-Jan-2024 07:15:08 UTC] PHP Warning:  Undefined array key "photo" in /Users/saijeet/Documents/Backend Learning/learning/wp-content/themes/fictional-university-theme/functions.php on line 23
[26-Jan-2024 07:15:12 UTC] PHP Warning:  Trying to access array offset on value of type null in /Users/saijeet/Documents/Backend Learning/learning/wp-content/themes/fictional-university-theme/functions.php on line 15
[26-Jan-2024 07:15:12 UTC] PHP Warning:  Undefined array key "subtitle" in /Users/saijeet/Documents/Backend Learning/learning/wp-content/themes/fictional-university-theme/functions.php on line 19
[26-Jan-2024 07:15:12 UTC] PHP Warning:  Undefined array key "photo" in /Users/saijeet/Documents/Backend Learning/learning/wp-content/themes/fictional-university-theme/functions.php on line 23
[26-Jan-2024 07:15:46 UTC] PHP Warning:  Trying to access array offset on value of type null in /Users/saijeet/Documents/Backend Learning/learning/wp-content/themes/fictional-university-theme/functions.php on line 15
[26-Jan-2024 07:15:46 UTC] PHP Warning:  Undefined array key "subtitle" in /Users/saijeet/Documents/Backend Learning/learning/wp-content/themes/fictional-university-theme/functions.php on line 19
[26-Jan-2024 07:15:46 UTC] PHP Warning:  Undefined array key "photo" in /Users/saijeet/Documents/Backend Learning/learning/wp-content/themes/fictional-university-theme/functions.php on line 23
[26-Jan-2024 07:15:49 UTC] PHP Warning:  Trying to access array offset on value of type null in /Users/saijeet/Documents/Backend Learning/learning/wp-content/themes/fictional-university-theme/functions.php on line 15
[26-Jan-2024 07:15:49 UTC] PHP Warning:  Undefined array key "subtitle" in /Users/saijeet/Documents/Backend Learning/learning/wp-content/themes/fictional-university-theme/functions.php on line 19
[26-Jan-2024 07:15:49 UTC] PHP Warning:  Undefined array key "photo" in /Users/saijeet/Documents/Backend Learning/learning/wp-content/themes/fictional-university-theme/functions.php on line 23
[26-Jan-2024 07:16:07 UTC] PHP Deprecated:  Hook login_headertitle is deprecated since version 5.2.0! Use login_headertext instead. Usage of the title attribute on the login logo is not recommended for accessibility reasons. Use the link text instead. in /Users/saijeet/Documents/Backend Learning/learning/wp-includes/functions.php on line 6031
[26-Jan-2024 07:16:19 UTC] PHP Deprecated:  Hook login_headertitle is deprecated since version 5.2.0! Use login_headertext instead. Usage of the title attribute on the login logo is not recommended for accessibility reasons. Use the link text instead. in /Users/saijeet/Documents/Backend Learning/learning/wp-includes/functions.php on line 6031
[26-Jan-2024 07:16:30 UTC] PHP Warning:  Trying to access array offset on value of type null in /Users/saijeet/Documents/Backend Learning/learning/wp-content/themes/fictional-university-theme/functions.php on line 15
[26-Jan-2024 07:16:30 UTC] PHP Warning:  Undefined array key "subtitle" in /Users/saijeet/Documents/Backend Learning/learning/wp-content/themes/fictional-university-theme/functions.php on line 19
[26-Jan-2024 07:16:30 UTC] PHP Warning:  Undefined array key "photo" in /Users/saijeet/Documents/Backend Learning/learning/wp-content/themes/fictional-university-theme/functions.php on line 23
[26-Jan-2024 07:17:02 UTC] PHP Deprecated:  Hook login_headertitle is deprecated since version 5.2.0! Use login_headertext instead. Usage of the title attribute on the login logo is not recommended for accessibility reasons. Use the link text instead. in /Users/saijeet/Documents/Backend Learning/learning/wp-includes/functions.php on line 6031
[26-Jan-2024 07:17:08 UTC] PHP Deprecated:  Hook login_headertitle is deprecated since version 5.2.0! Use login_headertext instead. Usage of the title attribute on the login logo is not recommended for accessibility reasons. Use the link text instead. in /Users/saijeet/Documents/Backend Learning/learning/wp-includes/functions.php on line 6031
[26-Jan-2024 07:17:22 UTC] PHP Deprecated:  Hook login_headertitle is deprecated since version 5.2.0! Use login_headertext instead. Usage of the title attribute on the login logo is not recommended for accessibility reasons. Use the link text instead. in /Users/saijeet/Documents/Backend Learning/learning/wp-includes/functions.php on line 6031
[26-Jan-2024 07:17:35 UTC] PHP Warning:  Trying to access array offset on value of type null in /Users/saijeet/Documents/Backend Learning/learning/wp-content/themes/fictional-university-theme/functions.php on line 15
[26-Jan-2024 07:17:35 UTC] PHP Warning:  Undefined array key "subtitle" in /Users/saijeet/Documents/Backend Learning/learning/wp-content/themes/fictional-university-theme/functions.php on line 19
[26-Jan-2024 07:17:35 UTC] PHP Warning:  Undefined array key "photo" in /Users/saijeet/Documents/Backend Learning/learning/wp-content/themes/fictional-university-theme/functions.php on line 23
[26-Jan-2024 07:18:10 UTC] PHP Warning:  Undefined array key "photo" in /Users/saijeet/Documents/Backend Learning/learning/wp-content/themes/fictional-university-theme/functions.php on line 23
